{"C:\\Vue-Project\\fu-qinput-component\\src\\layouts\\MainLayout.vue": {"path":"C:\\Vue-Project\\fu-qinput-component\\src\\layouts\\MainLayout.vue","statementMap":{"0":{"start":{"line":50,"column":0},"end":{"line":50,"column":null}},"1":{"start":{"line":60,"column":0},"end":{"line":60,"column":null}}},"fnMap":{"0":{"name":"data","decl":{"start":{"line":59,"column":0},"end":{"line":59,"column":null}},"loc":{"start":{"line":59,"column":0},"end":{"line":101,"column":null}}}},"branchMap":{},"s":{"0":0,"1":0},"f":{"0":0},"b":{}}
,"C:\\Vue-Project\\fu-qinput-component\\src\\pages\\Index.vue": {"path":"C:\\Vue-Project\\fu-qinput-component\\src\\pages\\Index.vue","statementMap":{"0":{"start":{"line":9,"column":0},"end":{"line":9,"column":null}},"1":{"start":{"line":10,"column":0},"end":{"line":10,"column":null}}},"fnMap":{},"branchMap":{},"s":{"0":0,"1":0},"f":{},"b":{}}
,"C:\\Vue-Project\\fu-qinput-component\\src\\router\\index.js": {"path":"C:\\Vue-Project\\fu-qinput-component\\src\\router\\index.js","statementMap":{"0":{"start":{"line":6,"column":0},"end":{"line":6,"column":18}},"1":{"start":{"line":18,"column":17},"end":{"line":27,"column":4}},"2":{"start":{"line":19,"column":27},"end":{"line":19,"column":41}},"3":{"start":{"line":29,"column":2},"end":{"line":29,"column":15}}},"fnMap":{"0":{"name":"(anonymous_0)","decl":{"start":{"line":17,"column":15},"end":{"line":17,"column":16}},"loc":{"start":{"line":17,"column":54},"end":{"line":30,"column":1}},"line":17},"1":{"name":"(anonymous_1)","decl":{"start":{"line":19,"column":20},"end":{"line":19,"column":21}},"loc":{"start":{"line":19,"column":27},"end":{"line":19,"column":41}},"line":19}},"branchMap":{},"s":{"0":0,"1":0,"2":0,"3":0},"f":{"0":0,"1":0},"b":{},"hash":"a4546b3c9af236fc2fcb676d4675ae9a07661fa9"}
,"C:\\Vue-Project\\fu-qinput-component\\src\\router\\routes.js": {"path":"C:\\Vue-Project\\fu-qinput-component\\src\\router\\routes.js","statementMap":{"0":{"start":{"line":2,"column":15},"end":{"line":7,"column":1}},"1":{"start":{"line":5,"column":21},"end":{"line":5,"column":46}},"2":{"start":{"line":10,"column":0},"end":{"line":15,"column":1}},"3":{"start":{"line":11,"column":2},"end":{"line":14,"column":4}},"4":{"start":{"line":13,"column":21},"end":{"line":13,"column":49}}},"fnMap":{"0":{"name":"(anonymous_0)","decl":{"start":{"line":5,"column":15},"end":{"line":5,"column":16}},"loc":{"start":{"line":5,"column":21},"end":{"line":5,"column":46}},"line":5},"1":{"name":"(anonymous_1)","decl":{"start":{"line":13,"column":15},"end":{"line":13,"column":16}},"loc":{"start":{"line":13,"column":21},"end":{"line":13,"column":49}},"line":13}},"branchMap":{"0":{"loc":{"start":{"line":10,"column":0},"end":{"line":15,"column":1}},"type":"if","locations":[{"start":{"line":10,"column":0},"end":{"line":15,"column":1}},{"start":{"line":10,"column":0},"end":{"line":15,"column":1}}],"line":10}},"s":{"0":0,"1":0,"2":0,"3":0,"4":0},"f":{"0":0,"1":0},"b":{"0":[0,0]},"hash":"e69d6d565c11b0a8dea122883148adac7c92936f"}
,"C:\\Vue-Project\\fu-qinput-component\\src\\store\\index.js": {"path":"C:\\Vue-Project\\fu-qinput-component\\src\\store\\index.js","statementMap":{"0":{"start":{"line":6,"column":0},"end":{"line":6,"column":13}},"1":{"start":{"line":18,"column":16},"end":{"line":26,"column":4}},"2":{"start":{"line":28,"column":2},"end":{"line":28,"column":14}}},"fnMap":{"0":{"name":"(anonymous_0)","decl":{"start":{"line":17,"column":15},"end":{"line":17,"column":16}},"loc":{"start":{"line":17,"column":47},"end":{"line":29,"column":1}},"line":17}},"branchMap":{},"s":{"0":0,"1":0,"2":0},"f":{"0":0},"b":{},"hash":"df65f7df0ab7bd9afe5c605c4fb149b008b7d13c"}
,"C:\\Vue-Project\\fu-qinput-component\\src\\store\\module-example\\actions.js": {"path":"C:\\Vue-Project\\fu-qinput-component\\src\\store\\module-example\\actions.js","statementMap":{},"fnMap":{"0":{"name":"someAction","decl":{"start":{"line":1,"column":16},"end":{"line":1,"column":26}},"loc":{"start":{"line":1,"column":43},"end":{"line":2,"column":1}},"line":1}},"branchMap":{},"s":{},"f":{"0":0},"b":{},"hash":"d1ff944effc21de41bce2156ae1508783f58bb52"}
,"C:\\Vue-Project\\fu-qinput-component\\src\\store\\module-example\\getters.js": {"path":"C:\\Vue-Project\\fu-qinput-component\\src\\store\\module-example\\getters.js","statementMap":{},"fnMap":{"0":{"name":"someGetter","decl":{"start":{"line":1,"column":16},"end":{"line":1,"column":26}},"loc":{"start":{"line":1,"column":41},"end":{"line":2,"column":1}},"line":1}},"branchMap":{},"s":{},"f":{"0":0},"b":{},"hash":"ba24fd6fd5ebf51e1df0237284dfb16013e4c69a"}
,"C:\\Vue-Project\\fu-qinput-component\\src\\store\\module-example\\index.js": {"path":"C:\\Vue-Project\\fu-qinput-component\\src\\store\\module-example\\index.js","statementMap":{},"fnMap":{},"branchMap":{},"s":{},"f":{},"b":{},"hash":"0ee3407ad66fb29cf1f74371a7831bdc9c9c3009"}
,"C:\\Vue-Project\\fu-qinput-component\\src\\store\\module-example\\mutations.js": {"path":"C:\\Vue-Project\\fu-qinput-component\\src\\store\\module-example\\mutations.js","statementMap":{},"fnMap":{"0":{"name":"someMutation","decl":{"start":{"line":1,"column":16},"end":{"line":1,"column":28}},"loc":{"start":{"line":1,"column":43},"end":{"line":2,"column":1}},"line":1}},"branchMap":{},"s":{},"f":{"0":0},"b":{},"hash":"2b57a6dd460d82a1e8a46c19d732d0c8c09d6eb1"}
,"C:\\Vue-Project\\fu-qinput-component\\src\\store\\module-example\\state.js": {"path":"C:\\Vue-Project\\fu-qinput-component\\src\\store\\module-example\\state.js","statementMap":{"0":{"start":{"line":2,"column":2},"end":{"line":4,"column":3}}},"fnMap":{"0":{"name":"(anonymous_0)","decl":{"start":{"line":1,"column":15},"end":{"line":1,"column":16}},"loc":{"start":{"line":1,"column":27},"end":{"line":5,"column":1}},"line":1}},"branchMap":{},"s":{"0":0},"f":{"0":0},"b":{},"hash":"c865896da3b693d034f8bf5bea841dbe469aa3f6"}
}
